<?xml version="1.0" encoding="UTF-8"?>
<testng-results ignored="0" total="2" passed="2" failed="0" skipped="0">
  <reporter-output>
  </reporter-output>
  <suite started-at="2025-12-04T13:48:30 EET" name="Default Suite" finished-at="2025-12-04T13:49:05 EET" duration-ms="34359">
    <groups>
    </groups>
    <test started-at="2025-12-04T13:48:30 EET" name="EdvancePlatform" finished-at="2025-12-04T13:49:05 EET" duration-ms="34359">
      <class name="APITests.APITest">
        <test-method signature="coursesAPI()[pri:0, instance:APITests.APITest@223d2c72]" started-at="2025-12-04T13:48:31 EET" name="coursesAPI" finished-at="2025-12-04T13:49:02 EET" duration-ms="31432" status="PASS">
          <reporter-output>
          </reporter-output>
        </test-method> <!-- coursesAPI -->
        <test-method signature="coursesAPI2()[pri:0, instance:APITests.APITest@223d2c72]" started-at="2025-12-04T13:49:02 EET" name="coursesAPI2" finished-at="2025-12-04T13:49:05 EET" duration-ms="2273" status="PASS">
          <reporter-output>
          </reporter-output>
        </test-method> <!-- coursesAPI2 -->
      </class> <!-- APITests.APITest -->
    </test> <!-- EdvancePlatform -->
  </suite> <!-- Default Suite -->
</testng-results>
